0 info it worked if it ends with ok
1 verbose cli [ 'D:\\nodejs\\\\node.exe',
1 verbose cli   'D:\\nodejs\\node_modules\\npm\\bin\\npm-cli.js',
1 verbose cli   'install',
1 verbose cli   '-g',
1 verbose cli   'fis@1.7.3' ]
2 info using npm@1.4.9
3 info using node@v0.10.33
4 verbose node symlink D:\nodejs\\node.exe
5 verbose cache add [ 'fis@1.7.3', null ]
6 verbose cache add name=undefined spec="fis@1.7.3" args=["fis@1.7.3",null]
7 verbose parsed url { protocol: null,
7 verbose parsed url   slashes: null,
7 verbose parsed url   auth: null,
7 verbose parsed url   host: null,
7 verbose parsed url   port: null,
7 verbose parsed url   hostname: null,
7 verbose parsed url   hash: null,
7 verbose parsed url   search: null,
7 verbose parsed url   query: null,
7 verbose parsed url   pathname: 'fis@1.7.3',
7 verbose parsed url   path: 'fis@1.7.3',
7 verbose parsed url   href: 'fis@1.7.3' }
8 verbose cache add name="fis" spec="1.7.3" args=["fis","1.7.3"]
9 verbose parsed url { protocol: null,
9 verbose parsed url   slashes: null,
9 verbose parsed url   auth: null,
9 verbose parsed url   host: null,
9 verbose parsed url   port: null,
9 verbose parsed url   hostname: null,
9 verbose parsed url   hash: null,
9 verbose parsed url   search: null,
9 verbose parsed url   query: null,
9 verbose parsed url   pathname: '1.7.3',
9 verbose parsed url   path: '1.7.3',
9 verbose parsed url   href: '1.7.3' }
10 verbose addNamed [ 'fis', '1.7.3' ]
11 verbose addNamed [ '1.7.3', '1.7.3' ]
12 silly lockFile c99dd579-fis-1-7-3 fis@1.7.3
13 verbose lock fis@1.7.3 D:\nodejs\node_cache\c99dd579-fis-1-7-3.lock
14 verbose url raw fis
15 verbose url resolving [ 'http://registry.npmjs.org/', './fis' ]
16 verbose url resolved http://registry.npmjs.org/fis
17 info trying registry request attempt 1 at 17:53:24
18 http GET http://registry.npmjs.org/fis
19 http 200 http://registry.npmjs.org/fis
20 silly registry.get cb [ 200,
20 silly registry.get   { server: 'CouchDB/1.5.0 (Erlang OTP/R14B04)',
20 silly registry.get     etag: '"CE0TSMP73VDU7CGT641MXQT9K"',
20 silly registry.get     'content-type': 'application/json',
20 silly registry.get     'cache-control': 'max-age=60',
20 silly registry.get     'content-length': '71133',
20 silly registry.get     'accept-ranges': 'bytes',
20 silly registry.get     date: 'Wed, 12 Nov 2014 09:53:26 GMT',
20 silly registry.get     via: '1.1 varnish',
20 silly registry.get     age: '0',
20 silly registry.get     connection: 'keep-alive',
20 silly registry.get     'x-served-by': 'cache-ty68-TYO',
20 silly registry.get     'x-cache': 'HIT',
20 silly registry.get     'x-cache-hits': '1',
20 silly registry.get     'x-timer': 'S1415786006.306571,VS0,VE119',
20 silly registry.get     vary: 'Accept' } ]
21 silly lockFile fec52d2b-stry-npmjs-org-fis-fis-1-7-3-tgz http://registry.npmjs.org/fis/-/fis-1.7.3.tgz
22 verbose lock http://registry.npmjs.org/fis/-/fis-1.7.3.tgz D:\nodejs\node_cache\fec52d2b-stry-npmjs-org-fis-fis-1-7-3-tgz.lock
23 verbose addRemoteTarball [ 'http://registry.npmjs.org/fis/-/fis-1.7.3.tgz',
23 verbose addRemoteTarball   'c85efe7209a4ab8ed452793c947bdec73e59e308' ]
24 info retry fetch attempt 1 at 17:53:29
25 verbose fetch to= C:\Users\ADMINI~1\AppData\Local\Temp\npm-7000-4e57PDKJ\1415786009212-0.7459918013773859\tmp.tgz
26 http GET http://registry.npmjs.org/fis/-/fis-1.7.3.tgz
27 http 200 http://registry.npmjs.org/fis/-/fis-1.7.3.tgz
28 verbose tar unpack C:\Users\ADMINI~1\AppData\Local\Temp\npm-7000-4e57PDKJ\1415786009212-0.7459918013773859\tmp.tgz
29 silly lockFile 17a49d61-ejs-node-cache-fis-1-7-3-package tar://D:\nodejs\node_cache\fis\1.7.3\package
30 verbose lock tar://D:\nodejs\node_cache\fis\1.7.3\package D:\nodejs\node_cache\17a49d61-ejs-node-cache-fis-1-7-3-package.lock
31 silly lockFile ca6f5ad1-09212-0-7459918013773859-tmp-tgz tar://C:\Users\ADMINI~1\AppData\Local\Temp\npm-7000-4e57PDKJ\1415786009212-0.7459918013773859\tmp.tgz
32 verbose lock tar://C:\Users\ADMINI~1\AppData\Local\Temp\npm-7000-4e57PDKJ\1415786009212-0.7459918013773859\tmp.tgz D:\nodejs\node_cache\ca6f5ad1-09212-0-7459918013773859-tmp-tgz.lock
33 silly gunzTarPerm modes [ '755', '644' ]
34 silly gunzTarPerm extractEntry package.json
35 silly gunzTarPerm extractEntry .npmignore
36 silly gunzTarPerm extractEntry README.md
37 silly gunzTarPerm extractEntry fis.js
38 silly gunzTarPerm extractEntry CHANGELOG.md
39 silly gunzTarPerm extractEntry LICENSE.md
40 silly gunzTarPerm extractEntry bin/fis
41 silly lockFile 17a49d61-ejs-node-cache-fis-1-7-3-package tar://D:\nodejs\node_cache\fis\1.7.3\package
42 silly lockFile 17a49d61-ejs-node-cache-fis-1-7-3-package tar://D:\nodejs\node_cache\fis\1.7.3\package
43 silly lockFile ca6f5ad1-09212-0-7459918013773859-tmp-tgz tar://C:\Users\ADMINI~1\AppData\Local\Temp\npm-7000-4e57PDKJ\1415786009212-0.7459918013773859\tmp.tgz
44 silly lockFile ca6f5ad1-09212-0-7459918013773859-tmp-tgz tar://C:\Users\ADMINI~1\AppData\Local\Temp\npm-7000-4e57PDKJ\1415786009212-0.7459918013773859\tmp.tgz
45 silly lockFile fec52d2b-stry-npmjs-org-fis-fis-1-7-3-tgz http://registry.npmjs.org/fis/-/fis-1.7.3.tgz
46 silly lockFile fec52d2b-stry-npmjs-org-fis-fis-1-7-3-tgz http://registry.npmjs.org/fis/-/fis-1.7.3.tgz
47 silly lockFile c99dd579-fis-1-7-3 fis@1.7.3
48 silly lockFile c99dd579-fis-1-7-3 fis@1.7.3
49 silly resolved [ { name: 'fis',
49 silly resolved     description: 'front-end integrated solution.',
49 silly resolved     version: '1.7.3',
49 silly resolved     author: { name: 'FIS Team', email: 'fis@baidu.com' },
49 silly resolved     homepage: 'http://fis.baidu.com/',
49 silly resolved     keywords: [ 'fis' ],
49 silly resolved     license: 'MIT',
49 silly resolved     bin: { fis: 'bin/fis' },
49 silly resolved     engines: { node: '>= 0.8.0' },
49 silly resolved     main: 'fis.js',
49 silly resolved     scripts: { test: 'mocha test/ut --recursive' },
49 silly resolved     repository: { type: 'git', url: 'https://github.com/fis-dev/fis.git' },
49 silly resolved     preferGlobal: true,
49 silly resolved     dependencies:
49 silly resolved      { colors: '0.6.2',
49 silly resolved        commander: '1.3.2',
49 silly resolved        'fis-kernel': '2.0.0',
49 silly resolved        'fis-command-install': '0.0.7',
49 silly resolved        'fis-command-release': '0.9.6',
49 silly resolved        'fis-command-server': '0.6.8',
49 silly resolved        'fis-postprocessor-jswrapper': '0.0.8',
49 silly resolved        'fis-optimizer-uglify-js': '0.1.1',
49 silly resolved        'fis-optimizer-clean-css': '0.0.9',
49 silly resolved        'fis-optimizer-png-compressor': '0.0.3',
49 silly resolved        'fis-spriter-csssprites': '0.1.8',
49 silly resolved        'fis-packager-map': '0.0.9' },
49 silly resolved     readme: '![fis logo](http://fis.baidu.com/static/docs/img/logo_3b5cdda.png)\n\n[![NPM version](https://badge.fury.io/js/fis.png)](http://badge.fury.io/js/fis) [![Dependencies Status](https://david-dm.org/fis-dev/fis.png)](https://david-dm.org/fis-dev/fis)\n\n## Front-end Integrated Solution（前端集成解决方案）\n\n> 解决前端工程的根本问题！\n\n## F.I.S简介\n\n* [什么是F.I.S](https://github.com/fis-dev/fis/wiki/什么是F.I.S)\n\n## 功能概述\n\n* 跨平台支持win、mac、linux等系统\n* 无内置规范，可配置 [开发和部署规范](https://github.com/fis-dev/fis/wiki/配置API#wiki-roadmappath)，用于满足任何前后端框架的部署需求\n* 对html、js、css实现 [三种语言能力](https://github.com/fis-dev/fis/wiki/三种语言能力) 扩展，解决绝大多数前端构建问题\n* 支持二次包装，比如 [spmx](https://github.com/fouber/spmx)、 [phiz](https://github.com/fouber/phiz/)、 [chassis](https://github.com/xspider/fis-chassis)，对fis进行包装后可内置新的插件、配置，从而打造属于你们团队的自己的开发工具\n* 自动生成静态资源表关系表（map.json），可用于 [连接前后端开发框架](https://github.com/fis-dev/fis/wiki/基于map.json的前后端架构设计指导)\n* 所有静态资源自动加 ``md5版本戳``，服务端可放心开启永久强缓存\n* 支持给所有静态资源添加域名前缀\n* 可灵活扩展的插件系统，支持对构建过程和命令功能进行扩展，现已发布N多 [插件](https://npmjs.org/search?q=fis)\n* 通过插件配置可以在一个项目中无缝使用 [less](https://github.com/fouber/fis-parser-less)、[coffee](https://github.com/fouber/fis-parser-coffee-script)、[markdown](https://github.com/fouber/fis-parser-marked)、[jade](https://npmjs.org/package/fis-parser-jade)等语言开发\n* 内置 [css sprites插件](https://github.com/xiangshouding/fis-spriter-csssprites)，简单易用\n* 内置 [png图片压缩插件](https://github.com/fis-dev/fis-optimizer-png-compressor)，采用c++编写的node扩展，具有极高的性能，支持 [将png24压缩为png8](https://github.com/fis-dev/fis-optimizer-png-compressor)\n* 内置本地开发调试服务器，支持完美运行 ``java``、``jsp``、``php`` 等服务端语言\n* 支持文件监听，保存即发布\n* 支持浏览器自动刷新，可同时刷新多个终端中的页面，配合文件监听功能可实现保存即刷新\n* 支持上传到远端服务器，配合文件监听，浏览器自动刷新功能，可实现保存即增量编译上传，上传后即刷新的开发体验\n* 超低学习成本，只须记忆 ``2`` 条命令即可完成开发\n* 抹平编码差异，开发中无论是gbk、gb2312、utf8、utf8-bom等编码的文件，输出时都能统一指定为utf8无bom（默认）或者gbk文件\n\n## 快速上手\n\n* [安装](https://github.com/fis-dev/fis/wiki/快速上手)\n    * npm install **-g** fis\n* 三条命令，满足你的所有开发需求：\n    * [fis install &lt;name&gt;](https://github.com/fis-dev/fis/wiki/快速上手#wiki-fis-install-name)\n    * [fis release &#91;options&#93;](https://github.com/fis-dev/fis/wiki/快速上手#wiki-fis-release-options)\n    * [fis server &lt;command&gt; &#91;options&#93;](https://github.com/fis-dev/fis/wiki/快速上手#wiki-fis-server-command-options)\n* 试手样例\n    * [纯前端组件化方案](https://github.com/fouber/modjs-todo-demo/)\n    * [fis官网](http://fis.baidu.com/#section-6)\n\n## 三种语言能力扩展\n\n* [关于三种语言能力](https://github.com/fis-dev/fis/wiki/三种语言能力)\n* 在html中：[定位资源](https://github.com/fis-dev/fis/wiki/在html中定位资源)、[嵌入资源](https://github.com/fis-dev/fis/wiki/在html中嵌入资源)、[声明依赖](https://github.com/fis-dev/fis/wiki/在html中声明依赖)\n* 在js中：[定位资源](https://github.com/fis-dev/fis/wiki/在js中定位资源)、[嵌入资源](https://github.com/fis-dev/fis/wiki/在js中嵌入资源)、[声明依赖](https://github.com/fis-dev/fis/wiki/在js中声明依赖)\n* 在css中：[定位资源](https://github.com/fis-dev/fis/wiki/在css中定位资源)、[嵌入资源](https://github.com/fis-dev/fis/wiki/在css中嵌入资源)、[声明依赖](https://github.com/fis-dev/fis/wiki/在css中声明依赖)\n\n## 插件系统\n\n* [编译过程运行原理](https://github.com/fis-dev/fis/wiki/运行原理)\n* [插件调用机制](https://github.com/fis-dev/fis/wiki/插件调用机制)\n* [插件扩展点列表](https://github.com/fis-dev/fis/wiki/插件扩展点列表)\n\n## 配置文档\n\n* [零配置](https://github.com/fis-dev/fis/wiki/配置API)\n* [使用配置文件](https://github.com/fis-dev/fis/wiki/配置API)\n* 系统配置\n    * [project.charset](https://github.com/fis-dev/fis/wiki/配置API#wiki-projectcharset)\n    * [project.md5Length](https://github.com/fis-dev/fis/wiki/配置API#wiki-projectmd5length)\n    * [project.md5Connector](https://github.com/fis-dev/fis/wiki/配置API#wiki-projectmd5connector)\n    * [project.include](https://github.com/fis-dev/fis/wiki/配置API#wiki-projectinclude)\n    * [project.exclude](https://github.com/fis-dev/fis/wiki/配置API#wiki-projectexclude)\n    * [project.fileType.text](https://github.com/fis-dev/fis/wiki/配置API#wiki-projectfiletypetext)\n    * [project.fileType.image](https://github.com/fis-dev/fis/wiki/配置API#wiki-projectfiletypeimage)\n* 插件配置\n    * [modules.parser](https://github.com/fis-dev/fis/wiki/配置API#wiki-modulesparser)\n    * [modules.preprocessor](https://github.com/fis-dev/fis/wiki/配置API#wiki-modulespreprocessor)\n    * [modules.postprocessor](https://github.com/fis-dev/fis/wiki/配置API#wiki-modulespostprocessor)\n    * [modules.lint](https://github.com/fis-dev/fis/wiki/配置API#wiki-moduleslint)\n    * [modules.test](https://github.com/fis-dev/fis/wiki/配置API#wiki-modulestest)\n    * [modules.optimizer](https://github.com/fis-dev/fis/wiki/配置API#wiki-modulesoptimizer)\n    * [modules.prepackager](https://github.com/fis-dev/fis/wiki/配置API#wiki-modulesprepackager)\n    * [modules.packager](https://github.com/fis-dev/fis/wiki/配置API#wiki-modulespackager)\n    * [modules.spriter](https://github.com/fis-dev/fis/wiki/配置API#wiki-modulesspriter)\n    * [modules.postpackager](https://github.com/fis-dev/fis/wiki/配置API#wiki-modulespostpackager)\n    * [settings](https://github.com/fis-dev/fis/wiki/配置API#wiki-settings)\n* 内置插件运行配置\n    * [settings.postprocessor.jswrapper](https://github.com/fis-dev/fis/wiki/%E9%85%8D%E7%BD%AEAPI#settingspostprocessorjswrapper)\n    * [settings.optimizer.uglify-js](https://github.com/fis-dev/fis/wiki/%E9%85%8D%E7%BD%AEAPI#settingsoptimizeruglify-js)\n    * [settings.optimizer.clean-css](https://github.com/fis-dev/fis/wiki/%E9%85%8D%E7%BD%AEAPI#settingsoptimizerclean-css)\n    * [settings.optimizer.png-compressor](https://github.com/fis-dev/fis/wiki/%E9%85%8D%E7%BD%AEAPI#settingsoptimizerpng-compressor)\n    * [settings.spriter.csssprites](https://github.com/fis-dev/fis/wiki/%E9%85%8D%E7%BD%AEAPI#settingsspritercsssprites)\n* 目录规范与域名配置\n    * [roadmap.path](https://github.com/fis-dev/fis/wiki/配置API#wiki-roadmappath)\n    * [roadmap.ext](https://github.com/fis-dev/fis/wiki/配置API#wiki-roadmapext)\n    * [roadmap.domain](https://github.com/fis-dev/fis/wiki/配置API#wiki-roadmapdomain)\n    * [roadmap.domain.image](https://github.com/fis-dev/fis/wiki/配置API#wiki-roadmapdomainimage)\n* 部署配置\n    * [deploy](https://github.com/fis-dev/fis/wiki/配置API#wiki-deploy)\n* 打包配置\n    * [pack](https://github.com/fis-dev/fis/wiki/配置API#wiki-pack)\n\n## 高级使用\n\n* [基于map.json的前后端架构设计指导](https://github.com/fis-dev/fis/wiki/基于map.json的前后端架构设计指导)\n\n## 更多资料\n\n* [fistool](https://github.com/kaven85/fistool) 可视化界面工具\n* [gois](https://github.com/xiangshouding/gois) go语言组件化解决方案\n* [phiz](https://github.com/fouber/phiz/) PHP组件化解决方案\n* [spmx](https://github.com/fouber/spmx) 通过包装fis得到适应seajs架构的集成解决方案\n* [sublime plugin](https://github.com/yuanfang829/fis-sublime-command) 支持FIS编译的sublime插件，可以替代watch功能\n',
49 silly resolved     readmeFilename: 'README.md',
49 silly resolved     bugs: { url: 'https://github.com/fis-dev/fis/issues' },
49 silly resolved     _id: 'fis@1.7.3',
49 silly resolved     _shasum: 'c85efe7209a4ab8ed452793c947bdec73e59e308',
49 silly resolved     _from: 'fis@1.7.3',
49 silly resolved     _resolved: 'http://registry.npmjs.org/fis/-/fis-1.7.3.tgz' } ]
50 info install fis@1.7.3 into D:\nodejs\node_global
51 info installOne fis@1.7.3
52 info D:\nodejs\node_global\node_modules\fis unbuild
53 info preuninstall fis@1.8.5
54 info uninstall fis@1.8.5
55 verbose unsafe-perm in lifecycle true
56 error Error: spawn ENOENT
56 error     at errnoException (child_process.js:1001:11)
56 error     at Process.ChildProcess._handle.onexit (child_process.js:792:34)
57 error If you need help, you may report this *entire* log,
57 error including the npm and node versions, at:
57 error     <http://github.com/npm/npm/issues>
58 error System Windows_NT 6.1.7601
59 error command "D:\\nodejs\\\\node.exe" "D:\\nodejs\\node_modules\\npm\\bin\\npm-cli.js" "install" "-g" "fis@1.7.3"
60 error cwd E:\test\front\front\base\trunk
61 error node -v v0.10.33
62 error npm -v 1.4.9
63 error syscall spawn
64 error code ENOENT
65 error errno ENOENT
66 verbose exit [ 1, true ]
